-----
currently on shingle 0, coord (0, 0)
bottom EE is down
-
timestamp: 6.292
action_type: 3
coord_x: 0
coord_y: 1
end_effector: False

-----
currently on shingle 0, coord (0, 0)
bottom EE is down
-
timestamp: 6.638
action_type: 0
coord_x: 0
coord_y: 1
end_effector: True

-----
currently on shingle 0, coord (0, 0)
bottom EE is down
-
timestamp: 19.192
action_type: 0
coord_x: 1
coord_y: 1
end_effector: True

-----
currently on shingle 0, coord (0, 0)
bottom EE is down
-
timestamp: 34.572
action_type: 0
coord_x: 0
coord_y: 1
end_effector: True

