-----
currently on shingle 2, coord (2, 0)
bottom EE is down
-
timestamp: 9.155
action_type: 0
coord_x: 2
coord_y: 1
end_effector: True

-----
currently on shingle 2, coord (2, 0)
bottom EE is down
-
timestamp: 21.696
action_type: 0
coord_x: 3
coord_y: 0
end_effector: True

-----
currently on shingle 2, coord (2, 0)
bottom EE is down
-
timestamp: 38.237
action_type: 0
coord_x: 3
coord_y: 1
end_effector: True

-----
currently on shingle 2, coord (2, 0)
bottom EE is down
-
timestamp: 52.119
action_type: 0
coord_x: 3
coord_y: 0
end_effector: True

-----
currently on shingle 2, coord (2, 0)
bottom EE is down
-
timestamp: 66.017
action_type: 0
coord_x: 2
coord_y: 1
end_effector: True

-----
currently on shingle 2, coord (2, 0)
bottom EE is down
-
timestamp: 82.557
action_type: 0
coord_x: 3
coord_y: 0
end_effector: True

-----
currently on shingle 2, coord (2, 0)
bottom EE is down
-
timestamp: 99.097
action_type: 0
coord_x: 4
coord_y: 1
end_effector: False

-----
currently on shingle 3, coord (3, 0)
top EE is down
-
timestamp: 117.896
action_type: 0
coord_x: 2
coord_y: 0
end_effector: False

-----
currently on shingle 3, coord (3, 0)
top EE is down
-
timestamp: 134.437
action_type: 0
coord_x: 4
coord_y: 0
end_effector: False

-----
currently on shingle 3, coord (3, 0)
top EE is down
-
timestamp: 152.196
action_type: 0
coord_x: 2
coord_y: 0
end_effector: False

-----
currently on shingle 3, coord (3, 0)
top EE is down
-
timestamp: 169.897
action_type: 0
coord_x: 3
coord_y: 1
end_effector: True

-----
currently on shingle 2, coord (2, 0)
bottom EE is down
-
timestamp: 186.036
action_type: 0
coord_x: 3
coord_y: 0
end_effector: True

-----
currently on shingle 2, coord (2, 0)
bottom EE is down
-
timestamp: 199.937
action_type: 0
coord_x: 3
coord_y: 1
end_effector: True

-----
currently on shingle 2, coord (2, 0)
bottom EE is down
-
timestamp: 213.816
action_type: 0
coord_x: 3
coord_y: 0
end_effector: True

-----
currently on shingle 2, coord (2, 0)
bottom EE is down
-
timestamp: 227.696
action_type: 0
coord_x: 2
coord_y: 1
end_effector: True

-----
currently on shingle 2, coord (2, 0)
bottom EE is down
-
timestamp: 244.236
action_type: 0
coord_x: 3
coord_y: 0
end_effector: True

-----
currently on shingle 2, coord (2, 0)
bottom EE is down
-
timestamp: 260.76
action_type: 0
coord_x: 2
coord_y: 1
end_effector: True

-----
currently on shingle 2, coord (2, 0)
bottom EE is down
-
timestamp: 277.318
action_type: 0
coord_x: 3
coord_y: 1
end_effector: True

-----
currently on shingle 2, coord (2, 0)
bottom EE is down
-
timestamp: 292.698
action_type: 0
coord_x: 2
coord_y: 1
end_effector: True

-----
currently on shingle 2, coord (2, 0)
bottom EE is down
-
timestamp: 308.038
action_type: 1
coord_x: 2
coord_y: 1
end_effector: True

-----
currently on shingle 2, coord (2, 0)
bottom EE is down
-
timestamp: 309.097
action_type: 0
coord_x: 3
coord_y: 1
end_effector: True

-----
currently on shingle 2, coord (2, 0)
bottom EE is down
-
timestamp: 325.457
action_type: 2
coord_x: 3
coord_y: 1
end_effector: True

-----
currently on shingle 2, coord (2, 0)
bottom EE is down
-
timestamp: 325.517
action_type: 0
coord_x: 3
coord_y: 0
end_effector: True

-----
currently on shingle 2, coord (2, 0)
bottom EE is down
-
timestamp: 339.361
action_type: 0
coord_x: 3
coord_y: 1
end_effector: False

-----
currently on shingle 3, coord (3, 0)
top EE is down
-
timestamp: 355.52
action_type: 0
coord_x: 4
coord_y: 1
end_effector: False

-----
currently on shingle 3, coord (3, 0)
top EE is down
-
timestamp: 370.897
action_type: 0
coord_x: 3
coord_y: 1
end_effector: False

-----
currently on shingle 3, coord (3, 0)
top EE is down
-
timestamp: 386.258
action_type: 1
coord_x: 3
coord_y: 1
end_effector: False

-----
currently on shingle 3, coord (3, 0)
top EE is down
-
timestamp: 387.318
action_type: 0
coord_x: 4
coord_y: 1
end_effector: False

-----
currently on shingle 3, coord (3, 0)
top EE is down
-
timestamp: 403.678
action_type: 2
coord_x: 4
coord_y: 1
end_effector: False

-----
currently on shingle 3, coord (3, 0)
top EE is down
-
timestamp: 403.738
action_type: 0
coord_x: 2
coord_y: 0
end_effector: False

-----
currently on shingle 3, coord (3, 0)
top EE is down
-
timestamp: 420.239
action_type: 0
coord_x: 4
coord_y: 0
end_effector: False

-----
currently on shingle 3, coord (3, 0)
top EE is down
-
timestamp: 437.981
action_type: 0
coord_x: 4
coord_y: 1
end_effector: True

-----
currently on shingle 4, coord (4, 0)
bottom EE is down
-
timestamp: 461.797
action_type: 0
coord_x: 5
coord_y: 1
end_effector: True

-----
currently on shingle 4, coord (4, 0)
bottom EE is down
-
timestamp: 477.177
action_type: 0
coord_x: 4
coord_y: 1
end_effector: True

-----
currently on shingle 4, coord (4, 0)
bottom EE is down
-
timestamp: 492.518
action_type: 1
coord_x: 4
coord_y: 1
end_effector: True

-----
currently on shingle 4, coord (4, 0)
bottom EE is down
-
timestamp: 493.578
action_type: 0
coord_x: 5
coord_y: 1
end_effector: True

-----
currently on shingle 4, coord (4, 0)
bottom EE is down
-
timestamp: 509.937
action_type: 2
coord_x: 5
coord_y: 1
end_effector: True

-----
currently on shingle 4, coord (4, 0)
bottom EE is down
-
timestamp: 509.997
action_type: 0
coord_x: 3
coord_y: 0
end_effector: True

-----
currently on shingle 4, coord (4, 0)
bottom EE is down
-
timestamp: 528.857
action_type: 0
coord_x: 5
coord_y: 1
end_effector: True

-----
currently on shingle 4, coord (4, 0)
bottom EE is down
-
timestamp: 547.818
action_type: 0
coord_x: 3
coord_y: 0
end_effector: True

-----
currently on shingle 4, coord (4, 0)
bottom EE is down
-
timestamp: 566.696
action_type: 0
coord_x: 3
coord_y: 1
end_effector: False

-----
currently on shingle 3, coord (3, 0)
top EE is down
-
timestamp: 585.496
action_type: 0
coord_x: 4
coord_y: 0
end_effector: False

-----
currently on shingle 3, coord (3, 0)
top EE is down
-
timestamp: 602.037
action_type: 0
coord_x: 4
coord_y: 1
end_effector: True

-----
currently on shingle 4, coord (4, 0)
bottom EE is down
-
timestamp: 625.836
action_type: 0
coord_x: 3
coord_y: 0
end_effector: True

-----
currently on shingle 4, coord (4, 0)
bottom EE is down
-
timestamp: 647.377
action_type: 0
coord_x: 5
coord_y: 1
end_effector: True

-----
currently on shingle 4, coord (4, 0)
bottom EE is down
-
timestamp: 666.277
action_type: 0
coord_x: 5
coord_y: 2
end_effector: False

-----
currently on shingle 6, coord (5, 1)
top EE is down
-
timestamp: 686.216
action_type: 0
coord_x: 4
coord_y: 0
end_effector: False

-----
currently on shingle 6, coord (5, 1)
top EE is down
-
timestamp: 703.897
action_type: 0
coord_x: 5
coord_y: 0
end_effector: False

-----
currently on shingle 6, coord (5, 1)
top EE is down
-
timestamp: 719.297
action_type: 0
coord_x: 4
coord_y: 2
end_effector: False

-----
currently on shingle 6, coord (5, 1)
top EE is down
-
timestamp: 736.976
action_type: 0
coord_x: 5
coord_y: 0
end_effector: False

-----
currently on shingle 6, coord (5, 1)
top EE is down
-
timestamp: 754.657
action_type: 0
coord_x: 4
coord_y: 0
end_effector: False

-----
currently on shingle 6, coord (5, 1)
top EE is down
-
timestamp: 770.076
action_type: 0
coord_x: 4
coord_y: 1
end_effector: True

-----
currently on shingle 4, coord (4, 0)
bottom EE is down
-
timestamp: 787.717
action_type: 0
coord_x: 5
coord_y: 1
end_effector: True

-----
currently on shingle 4, coord (4, 0)
bottom EE is down
-
timestamp: 803.097
action_type: 0
coord_x: 3
coord_y: 0
end_effector: True

-----
currently on shingle 4, coord (4, 0)
bottom EE is down
-
timestamp: 821.996
action_type: 0
coord_x: 4
coord_y: 1
end_effector: False

-----
currently on shingle 3, coord (3, 0)
top EE is down
-
timestamp: 838.136
action_type: 0
coord_x: 4
coord_y: 0
end_effector: False

-----
currently on shingle 3, coord (3, 0)
top EE is down
-
timestamp: 852.016
action_type: 0
coord_x: 3
coord_y: 1
end_effector: False

-----
currently on shingle 3, coord (3, 0)
top EE is down
-
timestamp: 868.557
action_type: 0
coord_x: 4
coord_y: 0
end_effector: False

-----
currently on shingle 3, coord (3, 0)
top EE is down
-
timestamp: 885.097
action_type: 0
coord_x: 2
coord_y: 0
end_effector: False

-----
currently on shingle 3, coord (3, 0)
top EE is down
-
timestamp: 902.781
action_type: 0
coord_x: 3
coord_y: 1
end_effector: False

-----
currently on shingle 3, coord (3, 0)
top EE is down
-
timestamp: 916.696
action_type: 0
coord_x: 4
coord_y: 1
end_effector: False

-----
currently on shingle 3, coord (3, 0)
top EE is down
-
timestamp: 932.078
action_type: 0
coord_x: 3
coord_y: 1
end_effector: False

-----
currently on shingle 3, coord (3, 0)
top EE is down
-
timestamp: 947.417
action_type: 1
coord_x: 3
coord_y: 1
end_effector: False

-----
currently on shingle 3, coord (3, 0)
top EE is down
-
timestamp: 948.477
action_type: 0
coord_x: 4
coord_y: 1
end_effector: False

-----
currently on shingle 3, coord (3, 0)
top EE is down
-
timestamp: 964.838
action_type: 2
coord_x: 4
coord_y: 1
end_effector: False

-----
currently on shingle 3, coord (3, 0)
top EE is down
-
timestamp: 964.897
action_type: 0
coord_x: 2
coord_y: 0
end_effector: False

-----
currently on shingle 3, coord (3, 0)
top EE is down
-
timestamp: 981.418
action_type: 0
coord_x: 4
coord_y: 1
end_effector: False

-----
currently on shingle 3, coord (3, 0)
top EE is down
-
timestamp: 998.038
action_type: 0
coord_x: 2
coord_y: 0
end_effector: False

-----
currently on shingle 3, coord (3, 0)
top EE is down
-
timestamp: 1014.577
action_type: 0
coord_x: 3
coord_y: 1
end_effector: True

-----
currently on shingle 2, coord (2, 0)
bottom EE is down
-
timestamp: 1030.737
action_type: 0
coord_x: 3
coord_y: 0
end_effector: True

-----
currently on shingle 2, coord (2, 0)
bottom EE is down
-
timestamp: 1044.617
action_type: 0
coord_x: 3
coord_y: 1
end_effector: True

-----
currently on shingle 2, coord (2, 0)
bottom EE is down
-
timestamp: 1058.496
action_type: 0
coord_x: 3
coord_y: 0
end_effector: True

-----
currently on shingle 2, coord (2, 0)
bottom EE is down
-
timestamp: 1072.376
action_type: 0
coord_x: 2
coord_y: 1
end_effector: True

-----
currently on shingle 2, coord (2, 0)
bottom EE is down
-
timestamp: 1088.916
action_type: 0
coord_x: 3
coord_y: 0
end_effector: True

-----
currently on shingle 2, coord (2, 0)
bottom EE is down
-
timestamp: 1105.44
action_type: 0
coord_x: 2
coord_y: 1
end_effector: True

-----
currently on shingle 2, coord (2, 0)
bottom EE is down
-
timestamp: 1121.997
action_type: 0
coord_x: 3
coord_y: 1
end_effector: True

-----
currently on shingle 2, coord (2, 0)
bottom EE is down
-
timestamp: 1137.378
action_type: 0
coord_x: 2
coord_y: 1
end_effector: True

-----
currently on shingle 2, coord (2, 0)
bottom EE is down
-
timestamp: 1152.717
action_type: 1
coord_x: 2
coord_y: 1
end_effector: True

-----
currently on shingle 2, coord (2, 0)
bottom EE is down
-
timestamp: 1153.777
action_type: 0
coord_x: 3
coord_y: 1
end_effector: True

-----
currently on shingle 2, coord (2, 0)
bottom EE is down
-
timestamp: 1170.137
action_type: 2
coord_x: 3
coord_y: 1
end_effector: True

-----
currently on shingle 2, coord (2, 0)
bottom EE is down
-
timestamp: 1170.198
action_type: 0
coord_x: 3
coord_y: 0
end_effector: True

-----
currently on shingle 2, coord (2, 0)
bottom EE is down
-
timestamp: 1184.058
action_type: 0
coord_x: 3
coord_y: 1
end_effector: True

-----
currently on shingle 2, coord (2, 0)
bottom EE is down
-
timestamp: 1198.018
action_type: 0
coord_x: 3
coord_y: 0
end_effector: True

-----
currently on shingle 2, coord (2, 0)
bottom EE is down
-
timestamp: 1211.897
action_type: 0
coord_x: 3
coord_y: 1
end_effector: True

-----
currently on shingle 2, coord (2, 0)
bottom EE is down
-
timestamp: 1225.796
action_type: 0
coord_x: 3
coord_y: 0
end_effector: True

-----
currently on shingle 2, coord (2, 0)
bottom EE is down
-
timestamp: 1239.696
action_type: 0
coord_x: 3
coord_y: 1
end_effector: True

-----
currently on shingle 2, coord (2, 0)
bottom EE is down
-
timestamp: 1253.577
action_type: 0
coord_x: 3
coord_y: 0
end_effector: True

-----
currently on shingle 2, coord (2, 0)
bottom EE is down
-
timestamp: 1267.456
action_type: 0
coord_x: 3
coord_y: 1
end_effector: True

-----
currently on shingle 2, coord (2, 0)
bottom EE is down
-
timestamp: 1281.357
action_type: 0
coord_x: 3
coord_y: 0
end_effector: True

-----
currently on shingle 2, coord (2, 0)
bottom EE is down
-
timestamp: 1295.256
action_type: 0
coord_x: 2
coord_y: 1
end_effector: True

-----
currently on shingle 2, coord (2, 0)
bottom EE is down
-
timestamp: 1311.797
action_type: 0
coord_x: 3
coord_y: 0
end_effector: True

-----
currently on shingle 2, coord (2, 0)
bottom EE is down
-
timestamp: 1328.337
action_type: 0
coord_x: 3
coord_y: 1
end_effector: True

-----
currently on shingle 2, coord (2, 0)
bottom EE is down
-
timestamp: 1342.257
action_type: 0
coord_x: 2
coord_y: 1
end_effector: True

-----
currently on shingle 2, coord (2, 0)
bottom EE is down
-
timestamp: 1357.718
action_type: 0
coord_x: 3
coord_y: 1
end_effector: True

-----
currently on shingle 2, coord (2, 0)
bottom EE is down
-
timestamp: 1373.096
action_type: 0
coord_x: 2
coord_y: 1
end_effector: True

-----
currently on shingle 2, coord (2, 0)
bottom EE is down
-
timestamp: 1388.497
action_type: 0
coord_x: 2
coord_y: 2
end_effector: False

-----
currently on shingle 9, coord (2, 1)
top EE is down
-
timestamp: 1411.136
action_type: 0
coord_x: 2
coord_y: 0
end_effector: False

-----
currently on shingle 9, coord (2, 1)
top EE is down
-
timestamp: 1431.516
action_type: 0
coord_x: 3
coord_y: 1
end_effector: False

-----
currently on shingle 9, coord (2, 1)
top EE is down
-
timestamp: 1453.096
action_type: 0
coord_x: 1
coord_y: 2
end_effector: False

-----
currently on shingle 9, coord (2, 1)
top EE is down
-
timestamp: 1469.636
action_type: 0
coord_x: 3
coord_y: 1
end_effector: False

-----
currently on shingle 9, coord (2, 1)
top EE is down
-
timestamp: 1486.176
action_type: 0
coord_x: 2
coord_y: 0
end_effector: False

-----
currently on shingle 9, coord (2, 1)
top EE is down
-
timestamp: 1507.737
action_type: 0
coord_x: 1
coord_y: 2
end_effector: False

-----
currently on shingle 9, coord (2, 1)
top EE is down
-
timestamp: 1525.416
action_type: 0
coord_x: 2
coord_y: 0
end_effector: False

-----
currently on shingle 9, coord (2, 1)
top EE is down
-
timestamp: 1543.096
action_type: 0
coord_x: 3
coord_y: 1
end_effector: False

-----
currently on shingle 9, coord (2, 1)
top EE is down
-
timestamp: 1564.656
action_type: 0
coord_x: 2
coord_y: 0
end_effector: False

-----
currently on shingle 9, coord (2, 1)
top EE is down
-
timestamp: 1586.217
action_type: 0
coord_x: 1
coord_y: 2
end_effector: False

-----
currently on shingle 9, coord (2, 1)
top EE is down
-
timestamp: 1603.916
action_type: 0
coord_x: 2
coord_y: 0
end_effector: False

-----
currently on shingle 9, coord (2, 1)
top EE is down
-
timestamp: 1621.596
action_type: 0
coord_x: 3
coord_y: 1
end_effector: False

-----
currently on shingle 9, coord (2, 1)
top EE is down
-
timestamp: 1643.156
action_type: 0
coord_x: 2
coord_y: 0
end_effector: False

-----
currently on shingle 9, coord (2, 1)
top EE is down
-
timestamp: 1664.716
action_type: 0
coord_x: 2
coord_y: 2
end_effector: False

-----
currently on shingle 9, coord (2, 1)
top EE is down
-
timestamp: 1685.096
action_type: 0
coord_x: 2
coord_y: 0
end_effector: False

-----
currently on shingle 9, coord (2, 1)
top EE is down
-
timestamp: 1705.477
action_type: 0
coord_x: 3
coord_y: 1
end_effector: False

-----
currently on shingle 9, coord (2, 1)
top EE is down
-
timestamp: 1727.037
action_type: 0
coord_x: 1
coord_y: 2
end_effector: False

-----
currently on shingle 9, coord (2, 1)
top EE is down
-
timestamp: 1743.576
action_type: 0
coord_x: 3
coord_y: 1
end_effector: False

-----
currently on shingle 9, coord (2, 1)
top EE is down
-
timestamp: 1760.116
action_type: 0
coord_x: 2
coord_y: 2
end_effector: True

-----
currently on shingle 8, coord (3, 1)
bottom EE is down
-
timestamp: 1783.916
action_type: 0
coord_x: 2
coord_y: 1
end_effector: True

-----
currently on shingle 8, coord (3, 1)
bottom EE is down
-
timestamp: 1805.456
action_type: 0
coord_x: 4
coord_y: 1
end_effector: True

-----
currently on shingle 8, coord (3, 1)
bottom EE is down
-
timestamp: 1823.156
action_type: 0
coord_x: 4
coord_y: 2
end_effector: False

-----
currently on shingle 7, coord (4, 1)
top EE is down
-
timestamp: 1841.956
action_type: 0
coord_x: 3
coord_y: 1
end_effector: False

-----
currently on shingle 7, coord (4, 1)
top EE is down
-
timestamp: 1858.496
action_type: 0
coord_x: 5
coord_y: 1
end_effector: False

-----
currently on shingle 7, coord (4, 1)
top EE is down
-
timestamp: 1876.256
action_type: 0
coord_x: 3
coord_y: 1
end_effector: False

-----
currently on shingle 7, coord (4, 1)
top EE is down
-
timestamp: 1893.956
action_type: 0
coord_x: 3
coord_y: 2
end_effector: True

-----
currently on shingle 8, coord (3, 1)
bottom EE is down
-
timestamp: 1910.096
action_type: 0
coord_x: 4
coord_y: 1
end_effector: True

-----
currently on shingle 8, coord (3, 1)
bottom EE is down
-
timestamp: 1923.976
action_type: 0
coord_x: 3
coord_y: 0
end_effector: True

-----
currently on shingle 8, coord (3, 1)
bottom EE is down
-
timestamp: 1937.876
action_type: 0
coord_x: 2
coord_y: 2
end_effector: True

-----
currently on shingle 8, coord (3, 1)
bottom EE is down
-
timestamp: 1955.556
action_type: 0
coord_x: 3
coord_y: 0
end_effector: True

-----
currently on shingle 8, coord (3, 1)
bottom EE is down
-
timestamp: 1973.296
action_type: 0
coord_x: 4
coord_y: 1
end_effector: True

