-----
currently on shingle 0, coord (0, 0)
bottom EE is down
-
timestamp: 3.39
action_type: 3
coord_x: 0
coord_y: 1
end_effector: False

-----
currently on shingle 0, coord (0, 0)
bottom EE is down
-
timestamp: 3.758
action_type: 0
coord_x: 0
coord_y: 1
end_effector: True

-----
currently on shingle 0, coord (0, 0)
bottom EE is down
-
timestamp: 20.375
action_type: 0
coord_x: 1
coord_y: 1
end_effector: True

-----
currently on shingle 0, coord (0, 0)
bottom EE is down
-
timestamp: 39.375
action_type: 0
coord_x: 0
coord_y: 1
end_effector: True

-----
currently on shingle 0, coord (0, 0)
bottom EE is down
-
timestamp: 56.374
action_type: 1
coord_x: 0
coord_y: 1
end_effector: True

-----
currently on shingle 0, coord (0, 0)
bottom EE is down
-
timestamp: 60.375
action_type: 0
coord_x: 1
coord_y: 1
end_effector: True

-----
currently on shingle 0, coord (0, 0)
bottom EE is down
-
timestamp: 78.376
action_type: 2
coord_x: 1
coord_y: 1
end_effector: True

-----
currently on shingle 0, coord (0, 0)
bottom EE is down
-
timestamp: 81.375
action_type: 0
coord_x: 1
coord_y: 0
end_effector: True

-----
currently on shingle 0, coord (0, 0)
bottom EE is down
-
timestamp: 96.379
action_type: 0
coord_x: 1
coord_y: 1
end_effector: False

-----
currently on shingle 1, coord (1, 0)
top EE is down
-
timestamp: 117.375
action_type: 0
coord_x: 2
coord_y: 1
end_effector: False

-----
currently on shingle 1, coord (1, 0)
top EE is down
-
timestamp: 136.375
action_type: 0
coord_x: 1
coord_y: 1
end_effector: False

-----
currently on shingle 1, coord (1, 0)
top EE is down
-
timestamp: 153.375
action_type: 1
coord_x: 1
coord_y: 1
end_effector: False

-----
currently on shingle 1, coord (1, 0)
top EE is down
-
timestamp: 157.375
action_type: 0
coord_x: 2
coord_y: 1
end_effector: False

-----
currently on shingle 1, coord (1, 0)
top EE is down
-
timestamp: 175.376
action_type: 2
coord_x: 2
coord_y: 1
end_effector: False

-----
currently on shingle 1, coord (1, 0)
top EE is down
-
timestamp: 178.375
action_type: 0
coord_x: 0
coord_y: 0
end_effector: False

-----
currently on shingle 1, coord (1, 0)
top EE is down
-
timestamp: 209.375
action_type: 3
coord_x: 0
coord_y: 1
end_effector: False

-----
currently on shingle 1, coord (1, 0)
top EE is down
-
timestamp: 210.378
action_type: 0
coord_x: 0
coord_y: 1
end_effector: True

-----
currently on shingle 0, coord (0, 0)
bottom EE is down
-
timestamp: 233.375
action_type: 0
coord_x: 1
coord_y: 1
end_effector: True

-----
currently on shingle 0, coord (0, 0)
bottom EE is down
-
timestamp: 252.375
action_type: 0
coord_x: 0
coord_y: 1
end_effector: True

-----
currently on shingle 0, coord (0, 0)
bottom EE is down
-
timestamp: 269.375
action_type: 1
coord_x: 0
coord_y: 1
end_effector: True

-----
currently on shingle 0, coord (0, 0)
bottom EE is down
-
timestamp: 273.375
action_type: 0
coord_x: 1
coord_y: 1
end_effector: True

-----
currently on shingle 0, coord (0, 0)
bottom EE is down
-
timestamp: 291.376
action_type: 2
coord_x: 1
coord_y: 1
end_effector: True

-----
currently on shingle 0, coord (0, 0)
bottom EE is down
-
timestamp: 294.375
action_type: 0
coord_x: 1
coord_y: 0
end_effector: True

-----
currently on shingle 0, coord (0, 0)
bottom EE is down
-
timestamp: 322.375
action_type: 3
coord_x: 0
coord_y: 1
end_effector: False

-----
currently on shingle 0, coord (0, 0)
bottom EE is down
-
timestamp: 323.378
action_type: 0
coord_x: 0
coord_y: 1
end_effector: True

-----
currently on shingle 0, coord (0, 0)
bottom EE is down
-
timestamp: 344.375
action_type: 0
coord_x: 1
coord_y: 1
end_effector: True

-----
currently on shingle 0, coord (0, 0)
bottom EE is down
-
timestamp: 363.376
action_type: 0
coord_x: 1
coord_y: 0
end_effector: True

-----
currently on shingle 0, coord (0, 0)
bottom EE is down
-
timestamp: 378.379
action_type: 0
coord_x: 1
coord_y: 1
end_effector: False

-----
currently on shingle 1, coord (1, 0)
top EE is down
-
timestamp: 399.376
action_type: 0
coord_x: 2
coord_y: 1
end_effector: False

-----
currently on shingle 1, coord (1, 0)
top EE is down
-
timestamp: 418.376
action_type: 0
coord_x: 1
coord_y: 1
end_effector: False

-----
currently on shingle 1, coord (1, 0)
top EE is down
-
timestamp: 435.376
action_type: 1
coord_x: 1
coord_y: 1
end_effector: False

-----
currently on shingle 1, coord (1, 0)
top EE is down
-
timestamp: 439.376
action_type: 0
coord_x: 2
coord_y: 1
end_effector: False

-----
currently on shingle 1, coord (1, 0)
top EE is down
-
timestamp: 457.376
action_type: 2
coord_x: 2
coord_y: 1
end_effector: False

-----
currently on shingle 1, coord (1, 0)
top EE is down
-
timestamp: 460.381
action_type: 0
coord_x: 0
coord_y: 0
end_effector: False

-----
currently on shingle 1, coord (1, 0)
top EE is down
-
timestamp: 481.379
action_type: 0
coord_x: 2
coord_y: 0
end_effector: False

-----
currently on shingle 1, coord (1, 0)
top EE is down
-
timestamp: 502.379
action_type: 0
coord_x: 2
coord_y: 1
end_effector: True

-----
currently on shingle 2, coord (2, 0)
bottom EE is down
-
timestamp: 530.376
action_type: 0
coord_x: 3
coord_y: 1
end_effector: True

-----
currently on shingle 2, coord (2, 0)
bottom EE is down
-
timestamp: 549.376
action_type: 0
coord_x: 2
coord_y: 1
end_effector: True

-----
currently on shingle 2, coord (2, 0)
bottom EE is down
-
timestamp: 566.376
action_type: 1
coord_x: 2
coord_y: 1
end_effector: True

-----
currently on shingle 2, coord (2, 0)
bottom EE is down
-
timestamp: 570.376
action_type: 0
coord_x: 3
coord_y: 1
end_effector: True

-----
currently on shingle 2, coord (2, 0)
bottom EE is down
-
timestamp: 588.376
action_type: 2
coord_x: 3
coord_y: 1
end_effector: True

-----
currently on shingle 2, coord (2, 0)
bottom EE is down
-
timestamp: 591.381
action_type: 0
coord_x: 1
coord_y: 0
end_effector: True

-----
currently on shingle 2, coord (2, 0)
bottom EE is down
-
timestamp: 624.376
action_type: 0
coord_x: 0
coord_y: 0
end_effector: False

-----
currently on shingle 1, coord (1, 0)
top EE is down
-
timestamp: 649.374
action_type: 0
coord_x: 1
coord_y: 1
end_effector: True

-----
currently on shingle 0, coord (0, 0)
bottom EE is down
-
timestamp: 669.374
action_type: 0
coord_x: 1
coord_y: 0
end_effector: True

-----
currently on shingle 0, coord (0, 0)
bottom EE is down
-
timestamp: 687.375
action_type: 0
coord_x: 2
coord_y: 1
end_effector: False

-----
currently on shingle 1, coord (1, 0)
top EE is down
-
timestamp: 709.374
action_type: 0
coord_x: 0
coord_y: 0
end_effector: False

-----
currently on shingle 1, coord (1, 0)
top EE is down
-
timestamp: 730.375
action_type: 0
coord_x: 0
coord_y: 1
end_effector: True

-----
currently on shingle 0, coord (0, 0)
bottom EE is down
-
timestamp: 752.374
action_type: 0
coord_x: 1
coord_y: 0
end_effector: True

-----
currently on shingle 0, coord (0, 0)
bottom EE is down
-
timestamp: 771.379
action_type: 0
coord_x: 0
coord_y: 1
end_effector: True

-----
currently on shingle 0, coord (0, 0)
bottom EE is down
-
timestamp: 792.376
action_type: 0
coord_x: 1
coord_y: 1
end_effector: True

-----
currently on shingle 0, coord (0, 0)
bottom EE is down
-
timestamp: 811.375
action_type: 0
coord_x: 0
coord_y: 1
end_effector: True

-----
currently on shingle 0, coord (0, 0)
bottom EE is down
-
timestamp: 828.375
action_type: 1
coord_x: 0
coord_y: 1
end_effector: True

-----
currently on shingle 0, coord (0, 0)
bottom EE is down
-
timestamp: 832.375
action_type: 0
coord_x: 1
coord_y: 1
end_effector: True

-----
currently on shingle 0, coord (0, 0)
bottom EE is down
-
timestamp: 850.375
action_type: 2
coord_x: 1
coord_y: 1
end_effector: True

-----
currently on shingle 0, coord (0, 0)
bottom EE is down
-
timestamp: 853.375
action_type: 0
coord_x: 1
coord_y: 0
end_effector: True

-----
currently on shingle 0, coord (0, 0)
bottom EE is down
-
timestamp: 881.375
action_type: 3
coord_x: 0
coord_y: 1
end_effector: False

-----
currently on shingle 0, coord (0, 0)
bottom EE is down
-
timestamp: 882.378
action_type: 0
coord_x: 0
coord_y: 1
end_effector: True

-----
currently on shingle 0, coord (0, 0)
bottom EE is down
-
timestamp: 903.375
action_type: 0
coord_x: 1
coord_y: 1
end_effector: True

-----
currently on shingle 0, coord (0, 0)
bottom EE is down
-
timestamp: 922.374
action_type: 0
coord_x: 1
coord_y: 0
end_effector: True

-----
currently on shingle 0, coord (0, 0)
bottom EE is down
-
timestamp: 951.374
action_type: 0
coord_x: 1
coord_y: 1
end_effector: False

-----
currently on shingle 1, coord (1, 0)
top EE is down
-
timestamp: 971.374
action_type: 0
coord_x: 0
coord_y: 0
end_effector: False

-----
currently on shingle 1, coord (1, 0)
top EE is down
-
timestamp: 987.378
action_type: 0
coord_x: 1
coord_y: 1
end_effector: False

-----
currently on shingle 1, coord (1, 0)
top EE is down
-
timestamp: 1005.375
action_type: 0
coord_x: 2
coord_y: 1
end_effector: False

-----
currently on shingle 1, coord (1, 0)
top EE is down
-
timestamp: 1024.375
action_type: 0
coord_x: 1
coord_y: 1
end_effector: False

-----
currently on shingle 1, coord (1, 0)
top EE is down
-
timestamp: 1041.375
action_type: 1
coord_x: 1
coord_y: 1
end_effector: False

-----
currently on shingle 1, coord (1, 0)
top EE is down
-
timestamp: 1045.379
action_type: 0
coord_x: 2
coord_y: 1
end_effector: False

-----
currently on shingle 1, coord (1, 0)
top EE is down
-
timestamp: 1063.376
action_type: 2
coord_x: 2
coord_y: 1
end_effector: False

-----
currently on shingle 1, coord (1, 0)
top EE is down
-
timestamp: 1066.375
action_type: 0
coord_x: 0
coord_y: 0
end_effector: False

-----
currently on shingle 1, coord (1, 0)
top EE is down
-
timestamp: 1098.374
action_type: 0
coord_x: 0
coord_y: 1
end_effector: True

-----
currently on shingle 0, coord (0, 0)
bottom EE is down
-
timestamp: 1120.374
action_type: 0
coord_x: 1
coord_y: 0
end_effector: True

-----
currently on shingle 0, coord (0, 0)
bottom EE is down
-
timestamp: 1139.378
action_type: 0
coord_x: 0
coord_y: 1
end_effector: True

-----
currently on shingle 0, coord (0, 0)
bottom EE is down
-
timestamp: 1160.376
action_type: 0
coord_x: 1
coord_y: 1
end_effector: True

-----
currently on shingle 0, coord (0, 0)
bottom EE is down
-
timestamp: 1179.375
action_type: 0
coord_x: 0
coord_y: 1
end_effector: True

-----
currently on shingle 0, coord (0, 0)
bottom EE is down
-
timestamp: 1196.376
action_type: 1
coord_x: 0
coord_y: 1
end_effector: True

-----
currently on shingle 0, coord (0, 0)
bottom EE is down
-
timestamp: 1200.375
action_type: 0
coord_x: 1
coord_y: 1
end_effector: True

-----
currently on shingle 0, coord (0, 0)
bottom EE is down
-
timestamp: 1218.38
action_type: 2
coord_x: 1
coord_y: 1
end_effector: True

-----
currently on shingle 0, coord (0, 0)
bottom EE is down
-
timestamp: 1221.375
action_type: 0
coord_x: 1
coord_y: 0
end_effector: True

-----
currently on shingle 0, coord (0, 0)
bottom EE is down
-
timestamp: 1236.379
action_type: 0
coord_x: 1
coord_y: 1
end_effector: False

-----
currently on shingle 1, coord (1, 0)
top EE is down
-
timestamp: 1257.376
action_type: 0
coord_x: 2
coord_y: 1
end_effector: False

-----
currently on shingle 1, coord (1, 0)
top EE is down
-
timestamp: 1276.375
action_type: 0
coord_x: 1
coord_y: 1
end_effector: False

-----
currently on shingle 1, coord (1, 0)
top EE is down
-
timestamp: 1293.375
action_type: 1
coord_x: 1
coord_y: 1
end_effector: False

-----
currently on shingle 1, coord (1, 0)
top EE is down
-
timestamp: 1297.375
action_type: 0
coord_x: 2
coord_y: 1
end_effector: False

